{"level":"info","message":"🚀 Inicializando a sincronização do banco de dados...","timestamp":"2025-06-16T20:18:25.280Z"}
{"level":"info","message":"✅ Banco sincronizado com sucesso!","timestamp":"2025-06-16T20:18:25.291Z"}
{"level":"info","message":"ℹ️ Nenhum dado antigo encontrado. Pulando limpeza.","timestamp":"2025-06-16T20:18:25.521Z"}
{"level":"info","message":"✅ 4 fornecedores adicionados!","timestamp":"2025-06-16T20:18:25.920Z"}
{"level":"error","message":"❌ Erro ao popular banco: SQLITE_ERROR: table Products has no column named category","timestamp":"2025-06-16T20:18:25.938Z"}
{"level":"info","message":"🔄 Conexão com o banco de dados fechada.","timestamp":"2025-06-16T20:18:25.951Z"}
{"level":"info","message":"🚀 Inicializando a sincronização do banco de dados...","timestamp":"2025-06-16T20:44:58.033Z"}
{"level":"info","message":"✅ Banco sincronizado com sucesso!","timestamp":"2025-06-16T20:44:58.042Z"}
{"level":"info","message":"ℹ️ Nenhum dado antigo encontrado. Pulando limpeza.","timestamp":"2025-06-16T20:44:58.048Z"}
{"level":"info","message":"✅ 4 fornecedores adicionados!","timestamp":"2025-06-16T20:44:58.073Z"}
{"level":"error","message":"❌ Erro ao popular banco: SQLITE_ERROR: table Products has no column named stock","timestamp":"2025-06-16T20:44:58.078Z"}
{"level":"info","message":"🔄 Conexão com o banco de dados fechada.","timestamp":"2025-06-16T20:44:58.079Z"}
{"level":"info","message":"🚀 Inicializando a sincronização do banco de dados...","timestamp":"2025-06-16T20:46:31.335Z"}
{"level":"info","message":"✅ Banco sincronizado com sucesso!","timestamp":"2025-06-16T20:46:31.344Z"}
{"level":"info","message":"ℹ️ Nenhum dado antigo encontrado. Pulando limpeza.","timestamp":"2025-06-16T20:46:31.350Z"}
{"level":"info","message":"✅ 4 fornecedores adicionados!","timestamp":"2025-06-16T20:46:31.360Z"}
{"level":"info","message":"✅ 4 produtos adicionados!","timestamp":"2025-06-16T20:46:31.390Z"}
{"level":"info","message":"🎉 Banco de dados populado com sucesso!","timestamp":"2025-06-16T20:46:31.484Z"}
{"level":"info","message":"🔄 Conexão com o banco de dados fechada.","timestamp":"2025-06-16T20:46:31.489Z"}
{"level":"info","message":"🚀 Inicializando a sincronização do banco...","timestamp":"2025-06-16T20:53:15.621Z"}
{"level":"info","message":"✅ Banco sincronizado com sucesso!","timestamp":"2025-06-16T20:53:15.631Z"}
{"level":"warn","message":"🔄 Apagando registros antigos...","timestamp":"2025-06-16T20:53:15.637Z"}
{"level":"info","message":"✅ Dados antigos removidos!","timestamp":"2025-06-16T20:53:15.699Z"}
{"level":"info","message":"✅ 5 fornecedores adicionados!","timestamp":"2025-06-16T20:53:15.710Z"}
{"level":"info","message":"✅ 20 produtos adicionados!","timestamp":"2025-06-16T20:53:15.715Z"}
{"level":"info","message":"🎉 Banco de dados populado com sucesso!","timestamp":"2025-06-16T20:53:15.812Z"}
{"level":"info","message":"🔄 Conexão com o banco fechada.","timestamp":"2025-06-16T20:53:15.817Z"}
{"level":"info","message":"Conexão com banco estabelecida","timestamp":"2025-06-18T16:54:40.175Z"}
{"level":"error","message":"Erro ao carregar modelo products.js: No Sequelize instance passed","timestamp":"2025-06-18T16:54:40.180Z"}
{"level":"error","message":"Erro ao carregar modelo produto_fornecedor.js: modelModule.init is not a function","timestamp":"2025-06-18T16:54:40.181Z"}
{"level":"error","message":"Erro ao carregar modelo suppliers.js: No Sequelize instance passed","timestamp":"2025-06-18T16:54:40.183Z"}
{"level":"info","message":"Conexão com banco estabelecida","timestamp":"2025-06-18T16:58:51.362Z"}
{"level":"error","message":"Erro ao carregar modelo products.js: No Sequelize instance passed","timestamp":"2025-06-18T16:58:51.367Z"}
{"level":"error","message":"Erro ao carregar modelo produto_fornecedor.js: modelModule.init is not a function","timestamp":"2025-06-18T16:58:51.368Z"}
{"level":"error","message":"Erro ao carregar modelo suppliers.js: No Sequelize instance passed","timestamp":"2025-06-18T16:58:51.370Z"}
{"level":"info","message":"Conexão com banco estabelecida","timestamp":"2025-06-18T17:13:17.213Z"}
{"level":"error","message":"Erro ao carregar modelo products.js: No Sequelize instance passed","timestamp":"2025-06-18T17:13:17.218Z"}
{"level":"info","message":"Conexão com banco estabelecida","timestamp":"2025-06-18T17:15:03.904Z"}
{"level":"error","message":"Erro ao carregar modelo products.js: No Sequelize instance passed","timestamp":"2025-06-18T17:15:03.910Z"}
{"level":"info","message":"Conexão com banco estabelecida","timestamp":"2025-06-18T17:16:38.679Z"}
{"level":"info","message":"Conexão com banco estabelecida","timestamp":"2025-06-18T18:04:36.913Z"}
{"level":"info","message":"Conexão com banco estabelecida","timestamp":"2025-06-18T18:05:37.641Z"}
{"level":"info","message":"Conexão com banco estabelecida","timestamp":"2025-06-18T18:05:52.839Z"}
{"level":"info","message":"Conexão com banco estabelecida","timestamp":"2025-06-18T18:17:02.769Z"}
{"level":"info","message":"Conexão com banco estabelecida","timestamp":"2025-06-18T18:26:20.212Z"}
{"level":"info","message":"Conexão com banco estabelecida","timestamp":"2025-06-18T18:26:46.932Z"}
{"level":"info","message":"Conexão com banco estabelecida","timestamp":"2025-06-18T18:43:35.500Z"}
{"level":"info","message":"Conexão com banco estabelecida","timestamp":"2025-06-18T18:50:11.769Z"}
{"level":"info","message":"Conexão com banco estabelecida","timestamp":"2025-06-18T18:52:33.995Z"}
{"level":"info","message":"Conexão com banco estabelecida","timestamp":"2025-06-18T20:25:02.190Z"}
{"level":"info","message":"Conexão com banco estabelecida","timestamp":"2025-06-18T20:48:41.147Z"}
{"level":"info","message":"Conexão com banco estabelecida","timestamp":"2025-06-18T21:06:03.662Z"}
{"level":"info","message":"Conexão com banco estabelecida","timestamp":"2025-06-18T21:09:24.714Z"}
{"level":"info","message":"Conexão com banco estabelecida","timestamp":"2025-06-18T21:32:49.903Z"}
{"level":"info","message":"Conexão com banco estabelecida","timestamp":"2025-06-18T22:47:42.144Z"}
{"level":"info","message":"Conexão com banco estabelecida","timestamp":"2025-06-18T22:50:31.243Z"}
{"level":"info","message":"Conexão com banco estabelecida","timestamp":"2025-06-18T22:51:32.569Z"}
{"level":"info","message":"Conexão com banco estabelecida","timestamp":"2025-06-18T23:22:21.956Z"}
{"level":"info","message":"Conexão com banco estabelecida","timestamp":"2025-06-18T23:39:35.275Z"}
{"level":"info","message":"Conexão com banco estabelecida","timestamp":"2025-06-18T23:48:14.386Z"}
{"level":"info","message":"Conexão com banco estabelecida","timestamp":"2025-06-18T23:55:16.523Z"}
{"level":"info","message":"Conexão com banco estabelecida","timestamp":"2025-06-19T01:04:40.550Z"}
{"level":"info","message":"Conexão com banco estabelecida","timestamp":"2025-06-19T12:51:34.068Z"}
{"level":"info","message":"Conexão com banco estabelecida","timestamp":"2025-06-19T13:12:33.823Z"}
{"level":"info","message":"Conexão com banco estabelecida","timestamp":"2025-06-19T13:21:47.716Z"}
{"level":"info","message":"Conexão com banco estabelecida","timestamp":"2025-06-19T14:11:57.934Z"}
{"level":"info","message":"Conexão com banco estabelecida","timestamp":"2025-06-19T14:33:06.564Z"}
{"level":"info","message":"Conexão com banco estabelecida","timestamp":"2025-06-19T14:40:03.196Z"}
{"level":"info","message":"Conexão com banco estabelecida","timestamp":"2025-06-19T18:06:59.894Z"}
{"level":"info","message":"Conexão com banco estabelecida","timestamp":"2025-06-19T18:40:05.881Z"}
{"level":"info","message":"Conexão com banco estabelecida","timestamp":"2025-06-19T18:40:26.288Z"}
{"level":"info","message":"Conexão com banco estabelecida","timestamp":"2025-06-19T19:15:39.043Z"}
{"level":"info","message":"Conexão com banco estabelecida","timestamp":"2025-06-19T19:18:07.229Z"}
{"level":"info","message":"Conexão com banco estabelecida","timestamp":"2025-06-19T19:36:25.710Z"}
{"level":"info","message":"Conexão com banco estabelecida","timestamp":"2025-06-19T20:15:34.519Z"}
{"level":"info","message":"Conexão com banco estabelecida","timestamp":"2025-06-19T20:20:26.029Z"}
{"level":"info","message":"Conexão com banco estabelecida","timestamp":"2025-06-19T20:26:07.722Z"}
{"level":"info","message":"Conexão com banco estabelecida","timestamp":"2025-06-19T21:30:36.147Z"}
{"level":"info","message":"Conexão com banco estabelecida","timestamp":"2025-06-19T21:47:13.240Z"}
{"level":"info","message":"Conexão com banco estabelecida","timestamp":"2025-06-19T22:14:48.420Z"}
{"level":"info","message":"Conexão com banco estabelecida","timestamp":"2025-06-19T22:49:09.856Z"}
{"level":"info","message":"Conexão com banco estabelecida","timestamp":"2025-06-19T23:01:04.174Z"}
{"level":"info","message":"Conexão com banco estabelecida","timestamp":"2025-06-19T23:16:22.941Z"}
{"level":"info","message":"Conexão com banco estabelecida","timestamp":"2025-06-19T23:28:31.146Z"}
{"level":"info","message":"Conexão com banco estabelecida","timestamp":"2025-06-20T00:05:41.269Z"}
{"level":"info","message":"Conexão com banco estabelecida","timestamp":"2025-06-20T00:15:29.341Z"}
{"level":"info","message":"Conexão com banco estabelecida","timestamp":"2025-06-20T00:47:50.233Z"}
{"level":"info","message":"Conexão com banco estabelecida","timestamp":"2025-06-20T01:51:44.704Z"}
{"level":"info","message":"Conexão com banco estabelecida","timestamp":"2025-06-20T02:07:52.046Z"}
{"level":"info","message":"Conexão com banco estabelecida","timestamp":"2025-06-20T02:13:28.839Z"}
{"level":"info","message":"Conexão com banco estabelecida","timestamp":"2025-06-20T02:54:36.748Z"}
{"level":"info","message":"Conexão com banco estabelecida","timestamp":"2025-06-20T03:41:25.298Z"}
{"level":"info","message":"Conexão com banco estabelecida","timestamp":"2025-06-20T04:12:24.602Z"}
{"level":"info","message":"Conexão com banco estabelecida","timestamp":"2025-06-20T04:25:31.428Z"}
{"level":"info","message":"Conexão com banco estabelecida","timestamp":"2025-06-20T22:03:50.849Z"}
{"level":"info","message":"Conexão com banco estabelecida","timestamp":"2025-06-20T22:26:14.353Z"}
{"level":"info","message":"Conexão com banco estabelecida","timestamp":"2025-06-20T22:39:15.118Z"}
{"level":"info","message":"Conexão com banco estabelecida","timestamp":"2025-06-20T22:48:22.650Z"}
{"level":"info","message":"Conexão com banco estabelecida","timestamp":"2025-06-21T11:40:19.972Z"}
{"level":"info","message":"Conexão com banco estabelecida","timestamp":"2025-06-21T11:57:51.787Z"}
{"level":"info","message":"Conexão com banco estabelecida","timestamp":"2025-06-21T12:05:58.791Z"}
{"level":"info","message":"Conexão com banco estabelecida","timestamp":"2025-06-21T12:33:43.997Z"}
{"level":"info","message":"Conexão com banco estabelecida","timestamp":"2025-06-21T14:27:58.215Z"}
{"level":"info","message":"Conexão com banco estabelecida","timestamp":"2025-06-21T14:31:32.279Z"}
{"level":"info","message":"Conexão com banco estabelecida","timestamp":"2025-06-21T14:40:05.457Z"}
